#! /usr/bin/vvp
:ivl_version "10.1 (stable)";
:ivl_delay_selection "TYPICAL";
:vpi_time_precision - 9;
:vpi_module "system";
:vpi_module "vhdl_sys";
:vpi_module "v2005_math";
:vpi_module "va_math";
S_0x55fe1bdfa9e0 .scope module, "ins_parsertb" "ins_parsertb" 2 40;
 .timescale -9 -9;
v0x55fe1be1b4c0_0 .net "address", 25 0, v0x55fe1bdfae30_0;  1 drivers
v0x55fe1be1b5a0_0 .net "funct", 5 0, v0x55fe1be1ab10_0;  1 drivers
v0x55fe1be1b670_0 .net "immediate", 15 0, v0x55fe1be1abf0_0;  1 drivers
v0x55fe1be1b770_0 .var "instruction", 31 0;
v0x55fe1be1b840_0 .net "opcode", 5 0, L_0x55fe1be1bd80;  1 drivers
v0x55fe1be1b8e0_0 .var "p_count", 31 0;
v0x55fe1be1b9b0_0 .net "rd", 4 0, v0x55fe1be1afa0_0;  1 drivers
v0x55fe1be1ba80_0 .net "rs", 4 0, v0x55fe1be1b080_0;  1 drivers
v0x55fe1be1bb50_0 .net "rt", 4 0, v0x55fe1be1b160_0;  1 drivers
v0x55fe1be1bcb0_0 .net "shamt", 4 0, v0x55fe1be1b240_0;  1 drivers
S_0x55fe1bdfab60 .scope module, "instructionParser" "ins_parser" 2 48, 2 6 0, S_0x55fe1bdfa9e0;
 .timescale -9 -9;
    .port_info 0 /OUTPUT 6 "opcode"
    .port_info 1 /OUTPUT 5 "rs"
    .port_info 2 /OUTPUT 5 "rt"
    .port_info 3 /OUTPUT 5 "rd"
    .port_info 4 /OUTPUT 5 "shamt"
    .port_info 5 /OUTPUT 6 "funct"
    .port_info 6 /OUTPUT 16 "immediate"
    .port_info 7 /OUTPUT 26 "address"
    .port_info 8 /INPUT 32 "instruction"
    .port_info 9 /INPUT 32 "p_count"
v0x55fe1bdfae30_0 .var "address", 25 0;
v0x55fe1be1ab10_0 .var "funct", 5 0;
v0x55fe1be1abf0_0 .var "immediate", 15 0;
v0x55fe1be1acb0_0 .net "instruction", 31 0, v0x55fe1be1b770_0;  1 drivers
v0x55fe1be1ad90_0 .net "opcode", 5 0, L_0x55fe1be1bd80;  alias, 1 drivers
v0x55fe1be1aec0_0 .net "p_count", 31 0, v0x55fe1be1b8e0_0;  1 drivers
v0x55fe1be1afa0_0 .var "rd", 4 0;
v0x55fe1be1b080_0 .var "rs", 4 0;
v0x55fe1be1b160_0 .var "rt", 4 0;
v0x55fe1be1b240_0 .var "shamt", 4 0;
E_0x55fe1bded100 .event edge, v0x55fe1be1acb0_0;
L_0x55fe1be1bd80 .part v0x55fe1be1b770_0, 26, 6;
    .scope S_0x55fe1bdfab60;
T_0 ;
    %wait E_0x55fe1bded100;
    %load/vec4 v0x55fe1be1ad90_0;
    %cmpi/e 0, 0, 6;
    %jmp/0xz  T_0.0, 4;
    %load/vec4 v0x55fe1be1acb0_0;
    %parti/s 5, 6, 4;
    %store/vec4 v0x55fe1be1b240_0, 0, 5;
    %load/vec4 v0x55fe1be1acb0_0;
    %parti/s 5, 11, 5;
    %store/vec4 v0x55fe1be1afa0_0, 0, 5;
    %load/vec4 v0x55fe1be1acb0_0;
    %parti/s 5, 16, 6;
    %store/vec4 v0x55fe1be1b160_0, 0, 5;
    %load/vec4 v0x55fe1be1acb0_0;
    %parti/s 5, 21, 6;
    %store/vec4 v0x55fe1be1b080_0, 0, 5;
    %load/vec4 v0x55fe1be1acb0_0;
    %parti/s 6, 0, 2;
    %store/vec4 v0x55fe1be1ab10_0, 0, 6;
    %jmp T_0.1;
T_0.0 ;
    %load/vec4 v0x55fe1be1ad90_0;
    %pushi/vec4 2, 0, 6;
    %cmp/e;
    %flag_get/vec4 4;
    %load/vec4 v0x55fe1be1ad90_0;
    %pushi/vec4 3, 0, 6;
    %cmp/e;
    %flag_get/vec4 4;
    %or;
    %flag_set/vec4 8;
    %jmp/0xz  T_0.2, 8;
    %load/vec4 v0x55fe1be1acb0_0;
    %parti/s 26, 0, 2;
    %store/vec4 v0x55fe1bdfae30_0, 0, 26;
    %jmp T_0.3;
T_0.2 ;
    %load/vec4 v0x55fe1be1acb0_0;
    %parti/s 5, 16, 6;
    %store/vec4 v0x55fe1be1b160_0, 0, 5;
    %load/vec4 v0x55fe1be1acb0_0;
    %parti/s 5, 21, 6;
    %store/vec4 v0x55fe1be1b080_0, 0, 5;
    %load/vec4 v0x55fe1be1acb0_0;
    %parti/s 16, 0, 2;
    %store/vec4 v0x55fe1be1abf0_0, 0, 16;
T_0.3 ;
T_0.1 ;
    %jmp T_0;
    .thread T_0, $push;
    .scope S_0x55fe1bdfa9e0;
T_1 ;
    %pushi/vec4 16977954, 0, 32;
    %store/vec4 v0x55fe1be1b770_0, 0, 32;
    %delay 10, 0;
    %pushi/vec4 539361290, 0, 32;
    %store/vec4 v0x55fe1be1b770_0, 0, 32;
    %delay 10, 0;
    %pushi/vec4 134217985, 0, 32;
    %store/vec4 v0x55fe1be1b770_0, 0, 32;
    %delay 10, 0;
    %pushi/vec4 36847648, 0, 32;
    %store/vec4 v0x55fe1be1b770_0, 0, 32;
    %delay 10, 0;
    %pushi/vec4 201327155, 0, 32;
    %store/vec4 v0x55fe1be1b770_0, 0, 32;
    %delay 10, 0;
    %pushi/vec4 872943525, 0, 32;
    %store/vec4 v0x55fe1be1b770_0, 0, 32;
    %delay 10, 0;
    %pushi/vec4 277151751, 0, 32;
    %store/vec4 v0x55fe1be1b770_0, 0, 32;
    %delay 10, 0;
    %pushi/vec4 2413428739, 0, 32;
    %store/vec4 v0x55fe1be1b770_0, 0, 32;
    %delay 10, 0;
    %pushi/vec4 2896297987, 0, 32;
    %store/vec4 v0x55fe1be1b770_0, 0, 32;
    %delay 10, 0;
    %end;
    .thread T_1;
    .scope S_0x55fe1bdfa9e0;
T_2 ;
    %vpi_call 2 102 "$dumpfile", "Ins_parsetb.vcd" {0 0 0};
    %vpi_call 2 103 "$dumpvars", 32'sb00000000000000000000000000000000, S_0x55fe1bdfa9e0 {0 0 0};
    %end;
    .thread T_2;
# The file index is used to find the file name in the following table.
:file_names 3;
    "N/A";
    "<interactive>";
    "Ins_parse.v";
